2025-06-15 13:42:06,085 - INFO - Loading data from Data/test_task_trades.csv...
2025-06-15 13:42:07,184 - INFO - Loaded 1083719 rows
2025-06-15 13:42:07,184 - INFO - Cleaning data...
2025-06-15 13:42:07,421 - INFO - Cleaning complete.
2025-06-15 15:21:17,566 - INFO - Loading data from Data/test_task_trades.csv...
2025-06-15 15:21:18,690 - INFO - Loaded 1083719 rows
2025-06-15 15:21:18,690 - INFO - Cleaning data...
2025-06-15 15:21:18,934 - INFO - Cleaning complete.
2025-06-15 15:24:32,045 - INFO - Loading data from Data/test_task_trades.csv...
2025-06-15 15:24:33,144 - INFO - Loaded 1083719 rows
2025-06-15 15:24:33,144 - INFO - Cleaning data...
2025-06-15 15:24:33,386 - INFO - Cleaning complete.
2025-06-15 15:27:34,529 - INFO - Loading data from Data/test_task_trades.csv...
2025-06-15 15:27:35,701 - INFO - Loaded 1083719 rows
2025-06-15 15:27:35,701 - INFO - Cleaning data...
2025-06-15 15:27:40,387 - INFO - Loading data from Data/test_task_trades.csv...
2025-06-15 15:27:41,527 - INFO - Loaded 1083719 rows
2025-06-15 15:27:41,527 - INFO - Cleaning data...
2025-06-15 15:27:41,775 - INFO - Cleaning complete.
2025-06-15 15:37:30,818 - INFO - Loading data from Data/test_task_trades.csv...
2025-06-15 15:37:31,959 - INFO - Loaded 1083719 rows
2025-06-15 15:37:31,959 - INFO - Cleaning data...
2025-06-15 15:37:32,201 - INFO - Cleaning complete.
2025-06-15 16:02:02,698 - INFO - Loading data from Data/test_task_trades.csv...
2025-06-15 16:02:03,838 - INFO - Loaded 1083719 rows
2025-06-15 16:02:03,838 - INFO - Cleaning data...
2025-06-15 16:02:04,074 - INFO - Cleaning complete.
2025-06-15 16:15:31,276 - INFO - Loading data from Data/test_task_trades.csv...
2025-06-15 16:15:32,417 - INFO - Loaded 1083719 rows
2025-06-15 16:15:32,417 - INFO - Cleaning data...
2025-06-15 16:15:32,668 - INFO - Cleaning complete.
2025-06-15 16:25:45,676 - INFO - Loading data from Data/test_task_trades.csv...
2025-06-15 16:25:46,798 - INFO - Loaded 1083719 rows
2025-06-15 16:25:46,798 - INFO - Cleaning data...
2025-06-15 16:25:47,037 - INFO - Cleaning complete.
2025-06-16 18:25:36,808 - INFO - Loading data from Data/test_task_trades.csv...
2025-06-16 18:25:37,888 - INFO - Loaded 1083719 rows
2025-06-16 18:25:37,888 - INFO - Cleaning data...
2025-06-16 18:25:38,138 - INFO - Cleaning complete.
2025-06-16 18:33:26,769 - INFO - Loading data from Data/test_task_trades.csv...
2025-06-16 18:33:27,844 - INFO - Loaded 1083719 rows
2025-06-16 18:33:27,844 - INFO - Cleaning data...
2025-06-16 18:33:28,074 - INFO - Cleaning complete.
2025-06-16 18:35:12,269 - INFO - Loading data from Data/test_task_trades.csv...
2025-06-16 18:35:13,354 - INFO - Loaded 1083719 rows
2025-06-16 18:35:13,355 - INFO - Cleaning data...
2025-06-16 18:35:13,595 - INFO - Cleaning complete.
2025-06-16 18:38:46,057 - INFO - Loading data from Data/test_task_trades.csv...
2025-06-16 18:38:47,175 - INFO - Loaded 1083719 rows
2025-06-16 18:38:47,175 - INFO - Cleaning data...
2025-06-16 18:38:47,424 - INFO - Cleaning complete.
2025-06-16 18:40:24,486 - INFO - Using categorical units to plot a list of strings that are all parsable as floats or dates. If these strings should be plotted as numbers, cast to the appropriate data type before plotting.
2025-06-16 18:40:24,495 - INFO - Using categorical units to plot a list of strings that are all parsable as floats or dates. If these strings should be plotted as numbers, cast to the appropriate data type before plotting.
2025-06-16 18:44:03,210 - INFO - Loading data from Data/test_task_trades.csv...
2025-06-16 18:44:04,341 - INFO - Loaded 1083719 rows
2025-06-16 18:44:04,341 - INFO - Cleaning data...
2025-06-16 18:44:04,588 - INFO - Cleaning complete.
2025-06-16 18:45:24,425 - INFO - Using categorical units to plot a list of strings that are all parsable as floats or dates. If these strings should be plotted as numbers, cast to the appropriate data type before plotting.
2025-06-16 18:45:24,430 - INFO - Using categorical units to plot a list of strings that are all parsable as floats or dates. If these strings should be plotted as numbers, cast to the appropriate data type before plotting.
2025-06-16 18:48:31,854 - INFO - Loading data from Data/test_task_trades.csv...
2025-06-16 18:48:33,013 - INFO - Loaded 1083719 rows
2025-06-16 18:48:33,014 - INFO - Cleaning data...
2025-06-16 18:48:33,258 - INFO - Cleaning complete.
2025-06-16 18:49:29,833 - INFO - Using categorical units to plot a list of strings that are all parsable as floats or dates. If these strings should be plotted as numbers, cast to the appropriate data type before plotting.
2025-06-16 18:49:29,837 - INFO - Using categorical units to plot a list of strings that are all parsable as floats or dates. If these strings should be plotted as numbers, cast to the appropriate data type before plotting.
2025-06-16 19:34:05,075 - INFO - Loading data from Data/test_task_trades.csv...
2025-06-16 19:34:06,167 - INFO - Loaded 1083719 rows
2025-06-16 19:34:06,167 - INFO - Cleaning data...
2025-06-16 19:34:06,419 - INFO - Cleaning complete.
2025-06-16 19:34:43,018 - INFO - Loading data from Data/test_task_trades.csv...
2025-06-16 19:34:44,219 - INFO - Loaded 1083719 rows
2025-06-16 19:34:44,219 - INFO - Cleaning data...
2025-06-16 19:34:44,480 - INFO - Cleaning complete.
2025-06-16 19:35:02,225 - INFO - Using categorical units to plot a list of strings that are all parsable as floats or dates. If these strings should be plotted as numbers, cast to the appropriate data type before plotting.
2025-06-16 19:35:02,229 - INFO - Using categorical units to plot a list of strings that are all parsable as floats or dates. If these strings should be plotted as numbers, cast to the appropriate data type before plotting.
2025-06-16 19:35:41,920 - INFO - Using categorical units to plot a list of strings that are all parsable as floats or dates. If these strings should be plotted as numbers, cast to the appropriate data type before plotting.
2025-06-16 19:35:41,924 - INFO - Using categorical units to plot a list of strings that are all parsable as floats or dates. If these strings should be plotted as numbers, cast to the appropriate data type before plotting.
2025-06-16 19:35:53,014 - INFO - Computing metrics complete.
2025-06-16 19:36:08,382 - INFO - Using categorical units to plot a list of strings that are all parsable as floats or dates. If these strings should be plotted as numbers, cast to the appropriate data type before plotting.
2025-06-16 19:36:08,391 - INFO - Using categorical units to plot a list of strings that are all parsable as floats or dates. If these strings should be plotted as numbers, cast to the appropriate data type before plotting.
2025-06-16 19:36:32,702 - INFO - Analysis of top traders complete.
2025-06-16 19:39:27,857 - INFO - Computing metrics complete.
2025-06-16 19:39:28,226 - INFO - Using categorical units to plot a list of strings that are all parsable as floats or dates. If these strings should be plotted as numbers, cast to the appropriate data type before plotting.
2025-06-16 19:39:28,235 - INFO - Using categorical units to plot a list of strings that are all parsable as floats or dates. If these strings should be plotted as numbers, cast to the appropriate data type before plotting.
2025-06-16 19:39:29,613 - INFO - Analysis of top traders complete.
2025-06-16 19:51:11,822 - INFO - Loading data from Data/test_task_trades.csv...
2025-06-16 19:51:12,916 - INFO - Loaded 1083719 rows
2025-06-16 19:51:12,916 - INFO - Cleaning data...
2025-06-16 19:51:13,154 - INFO - Cleaning complete.
2025-06-16 19:52:08,676 - INFO - Using categorical units to plot a list of strings that are all parsable as floats or dates. If these strings should be plotted as numbers, cast to the appropriate data type before plotting.
2025-06-16 19:52:08,680 - INFO - Using categorical units to plot a list of strings that are all parsable as floats or dates. If these strings should be plotted as numbers, cast to the appropriate data type before plotting.
2025-06-16 19:52:25,078 - INFO - Computing metrics complete.
2025-06-16 19:52:25,693 - INFO - Using categorical units to plot a list of strings that are all parsable as floats or dates. If these strings should be plotted as numbers, cast to the appropriate data type before plotting.
2025-06-16 19:52:25,703 - INFO - Using categorical units to plot a list of strings that are all parsable as floats or dates. If these strings should be plotted as numbers, cast to the appropriate data type before plotting.
2025-06-16 19:52:27,052 - INFO - Analysis of top traders complete.
2025-06-16 19:52:59,826 - INFO - ML model training and evaluation complete.
2025-06-16 19:53:01,597 - INFO - Saved Random Forest model to Data/trader_classifier.joblib.
2025-06-16 19:58:04,460 - INFO - Loading data from Data/test_task_trades.csv...
2025-06-16 19:58:05,569 - INFO - Loaded 1083719 rows
2025-06-16 19:58:05,569 - INFO - Cleaning data...
2025-06-16 19:58:05,811 - INFO - Cleaning complete.
2025-06-16 19:59:01,297 - INFO - Using categorical units to plot a list of strings that are all parsable as floats or dates. If these strings should be plotted as numbers, cast to the appropriate data type before plotting.
2025-06-16 19:59:01,300 - INFO - Using categorical units to plot a list of strings that are all parsable as floats or dates. If these strings should be plotted as numbers, cast to the appropriate data type before plotting.
2025-06-16 19:59:01,692 - INFO - Computing metrics complete.
2025-06-16 19:59:01,719 - INFO - Using categorical units to plot a list of strings that are all parsable as floats or dates. If these strings should be plotted as numbers, cast to the appropriate data type before plotting.
2025-06-16 19:59:01,721 - INFO - Using categorical units to plot a list of strings that are all parsable as floats or dates. If these strings should be plotted as numbers, cast to the appropriate data type before plotting.
2025-06-16 19:59:01,937 - INFO - Analysis of top traders complete.
2025-06-16 19:59:23,354 - INFO - ML model training and evaluation complete.
2025-06-16 19:59:30,114 - INFO - Saved Random Forest model to Data/trader_classifier.joblib.
